[0921/234254:WARNING:resource_bundle.cc(304)] locale_file_path.empty()
[0921/234254:ERROR:main_delegate.cc(564)] Could not load locale pak for en-US
[0921/234254:ERROR:main_delegate.cc(571)] Could not load cef.pak
[0921/234254:ERROR:main_delegate.cc(588)] Could not load cef_100_percent.pak
[0921/234254:WARNING:resource_bundle.cc(497)] locale resources are not loaded
[0921/234254:WARNING:resource_bundle.cc(304)] locale_file_path.empty()
[0921/234254:ERROR:main_delegate.cc(564)] Could not load locale pak for en-US
[0921/234254:ERROR:main_delegate.cc(571)] Could not load cef.pak
[0921/234254:ERROR:main_delegate.cc(588)] Could not load cef_100_percent.pak
[0921/234258:WARNING:resource_bundle.cc(304)] locale_file_path.empty()
[0921/234258:ERROR:main_delegate.cc(564)] Could not load locale pak for en-US
[0921/234258:ERROR:main_delegate.cc(571)] Could not load cef.pak
[0921/234258:ERROR:main_delegate.cc(588)] Could not load cef_100_percent.pak
[0921/234258:ERROR:renderer_main.cc(207)] Running without renderer sandbox
[0921/234459:WARNING:resource_bundle.cc(304)] locale_file_path.empty()
[0921/234459:ERROR:main_delegate.cc(564)] Could not load locale pak for en-US
[0921/234459:ERROR:main_delegate.cc(571)] Could not load cef.pak
[0921/234459:ERROR:main_delegate.cc(588)] Could not load cef_100_percent.pak
[0921/234459:WARNING:resource_bundle.cc(497)] locale resources are not loaded
[0921/234459:WARNING:resource_bundle.cc(304)] locale_file_path.empty()
[0921/234459:ERROR:main_delegate.cc(564)] Could not load locale pak for en-US
[0921/234459:ERROR:main_delegate.cc(571)] Could not load cef.pak
[0921/234459:ERROR:main_delegate.cc(588)] Could not load cef_100_percent.pak
[0921/234502:WARNING:resource_bundle.cc(304)] locale_file_path.empty()
[0921/234502:ERROR:main_delegate.cc(564)] Could not load locale pak for en-US
[0921/234502:ERROR:main_delegate.cc(571)] Could not load cef.pak
[0921/234502:ERROR:main_delegate.cc(588)] Could not load cef_100_percent.pak
[0921/234502:ERROR:renderer_main.cc(207)] Running without renderer sandbox
[0921/235531:WARNING:resource_bundle.cc(304)] locale_file_path.empty()
[0921/235531:ERROR:main_delegate.cc(564)] Could not load locale pak for en-US
[0921/235531:ERROR:main_delegate.cc(571)] Could not load cef.pak
[0921/235531:ERROR:main_delegate.cc(588)] Could not load cef_100_percent.pak
[0921/235531:WARNING:resource_bundle.cc(497)] locale resources are not loaded
[0921/235531:WARNING:resource_bundle.cc(304)] locale_file_path.empty()
[0921/235531:ERROR:main_delegate.cc(564)] Could not load locale pak for en-US
[0921/235531:ERROR:main_delegate.cc(571)] Could not load cef.pak
[0921/235531:ERROR:main_delegate.cc(588)] Could not load cef_100_percent.pak
[0921/235534:WARNING:resource_bundle.cc(304)] locale_file_path.empty()
[0921/235534:ERROR:main_delegate.cc(564)] Could not load locale pak for en-US
[0921/235534:ERROR:main_delegate.cc(571)] Could not load cef.pak
[0921/235534:ERROR:main_delegate.cc(588)] Could not load cef_100_percent.pak
[0921/235534:ERROR:renderer_main.cc(207)] Running without renderer sandbox
[0922/000158:WARNING:resource_bundle.cc(304)] locale_file_path.empty()
[0922/000158:ERROR:main_delegate.cc(564)] Could not load locale pak for en-US
[0922/000158:ERROR:main_delegate.cc(571)] Could not load cef.pak
[0922/000158:ERROR:main_delegate.cc(588)] Could not load cef_100_percent.pak
[0922/000158:WARNING:resource_bundle.cc(497)] locale resources are not loaded
[0922/000158:WARNING:resource_bundle.cc(304)] locale_file_path.empty()
[0922/000158:ERROR:main_delegate.cc(564)] Could not load locale pak for en-US
[0922/000158:ERROR:main_delegate.cc(571)] Could not load cef.pak
[0922/000158:ERROR:main_delegate.cc(588)] Could not load cef_100_percent.pak
[0922/000207:WARNING:resource_bundle.cc(304)] locale_file_path.empty()
[0922/000207:ERROR:main_delegate.cc(564)] Could not load locale pak for en-US
[0922/000207:ERROR:main_delegate.cc(571)] Could not load cef.pak
[0922/000207:ERROR:main_delegate.cc(588)] Could not load cef_100_percent.pak
[0922/000207:ERROR:renderer_main.cc(207)] Running without renderer sandbox
[0922/002647:WARNING:resource_bundle.cc(304)] locale_file_path.empty()
[0922/002647:ERROR:main_delegate.cc(564)] Could not load locale pak for en-US
[0922/002647:ERROR:main_delegate.cc(571)] Could not load cef.pak
[0922/002647:ERROR:main_delegate.cc(588)] Could not load cef_100_percent.pak
[0922/002647:WARNING:resource_bundle.cc(497)] locale resources are not loaded
[0922/002648:WARNING:resource_bundle.cc(304)] locale_file_path.empty()
[0922/002648:ERROR:main_delegate.cc(564)] Could not load locale pak for en-US
[0922/002648:ERROR:main_delegate.cc(571)] Could not load cef.pak
[0922/002648:ERROR:main_delegate.cc(588)] Could not load cef_100_percent.pak
[0922/002651:WARNING:resource_bundle.cc(304)] locale_file_path.empty()
[0922/002651:ERROR:main_delegate.cc(564)] Could not load locale pak for en-US
[0922/002651:ERROR:main_delegate.cc(571)] Could not load cef.pak
[0922/002651:ERROR:main_delegate.cc(588)] Could not load cef_100_percent.pak
[0922/002651:ERROR:renderer_main.cc(207)] Running without renderer sandbox
[0922/004934:ERROR:content_client.cc(148)] No data resource available for id 4700
[0922/005040:WARNING:resource_bundle.cc(304)] locale_file_path.empty()
[0922/005040:ERROR:main_delegate.cc(564)] Could not load locale pak for en-US
[0922/005040:ERROR:main_delegate.cc(571)] Could not load cef.pak
[0922/005040:ERROR:main_delegate.cc(588)] Could not load cef_100_percent.pak
[0922/005040:WARNING:resource_bundle.cc(497)] locale resources are not loaded
[0922/005041:WARNING:resource_bundle.cc(304)] locale_file_path.empty()
[0922/005041:ERROR:main_delegate.cc(564)] Could not load locale pak for en-US
[0922/005041:ERROR:main_delegate.cc(571)] Could not load cef.pak
[0922/005041:ERROR:main_delegate.cc(588)] Could not load cef_100_percent.pak
[0922/005044:WARNING:resource_bundle.cc(304)] locale_file_path.empty()
[0922/005044:ERROR:main_delegate.cc(564)] Could not load locale pak for en-US
[0922/005044:ERROR:main_delegate.cc(571)] Could not load cef.pak
[0922/005044:ERROR:main_delegate.cc(588)] Could not load cef_100_percent.pak
[0922/005044:WARNING:resource_bundle.cc(497)] locale resources are not loaded
[0922/005044:WARNING:resource_bundle.cc(304)] locale_file_path.empty()
[0922/005044:ERROR:main_delegate.cc(564)] Could not load locale pak for en-US
[0922/005044:ERROR:main_delegate.cc(571)] Could not load cef.pak
[0922/005044:ERROR:main_delegate.cc(588)] Could not load cef_100_percent.pak
[0922/005045:WARNING:resource_bundle.cc(304)] locale_file_path.empty()
[0922/005045:ERROR:main_delegate.cc(564)] Could not load locale pak for en-US
[0922/005045:ERROR:main_delegate.cc(571)] Could not load cef.pak
[0922/005045:ERROR:main_delegate.cc(588)] Could not load cef_100_percent.pak
[0922/005045:ERROR:renderer_main.cc(207)] Running without renderer sandbox
[0922/005048:WARNING:resource_bundle.cc(304)] locale_file_path.empty()
[0922/005048:ERROR:main_delegate.cc(564)] Could not load locale pak for en-US
[0922/005048:ERROR:main_delegate.cc(571)] Could not load cef.pak
[0922/005048:ERROR:main_delegate.cc(588)] Could not load cef_100_percent.pak
[0922/005048:ERROR:renderer_main.cc(207)] Running without renderer sandbox
[0922/005055:WARNING:resource_bundle.cc(304)] locale_file_path.empty()
[0922/005055:ERROR:main_delegate.cc(564)] Could not load locale pak for en-US
[0922/005055:ERROR:main_delegate.cc(571)] Could not load cef.pak
[0922/005055:ERROR:main_delegate.cc(588)] Could not load cef_100_percent.pak
[0922/005055:WARNING:resource_bundle.cc(497)] locale resources are not loaded
[0922/005055:WARNING:resource_bundle.cc(304)] locale_file_path.empty()
[0922/005055:ERROR:main_delegate.cc(564)] Could not load locale pak for en-US
[0922/005055:ERROR:main_delegate.cc(571)] Could not load cef.pak
[0922/005055:ERROR:main_delegate.cc(588)] Could not load cef_100_percent.pak
[0922/005058:WARNING:resource_bundle.cc(304)] locale_file_path.empty()
[0922/005058:ERROR:main_delegate.cc(564)] Could not load locale pak for en-US
[0922/005058:ERROR:main_delegate.cc(571)] Could not load cef.pak
[0922/005058:ERROR:main_delegate.cc(588)] Could not load cef_100_percent.pak
[0922/005058:ERROR:renderer_main.cc(207)] Running without renderer sandbox
[0922/005115:WARNING:resource_bundle.cc(304)] locale_file_path.empty()
[0922/005115:ERROR:main_delegate.cc(564)] Could not load locale pak for en-US
[0922/005115:ERROR:main_delegate.cc(571)] Could not load cef.pak
[0922/005115:ERROR:main_delegate.cc(588)] Could not load cef_100_percent.pak
[0922/005115:WARNING:resource_bundle.cc(497)] locale resources are not loaded
[0922/005115:WARNING:resource_bundle.cc(304)] locale_file_path.empty()
[0922/005115:ERROR:main_delegate.cc(564)] Could not load locale pak for en-US
[0922/005115:ERROR:main_delegate.cc(571)] Could not load cef.pak
[0922/005115:ERROR:main_delegate.cc(588)] Could not load cef_100_percent.pak
[0922/005117:WARNING:resource_bundle.cc(304)] locale_file_path.empty()
[0922/005117:ERROR:main_delegate.cc(564)] Could not load locale pak for en-US
[0922/005117:ERROR:main_delegate.cc(571)] Could not load cef.pak
[0922/005117:ERROR:main_delegate.cc(588)] Could not load cef_100_percent.pak
[0922/005117:WARNING:resource_bundle.cc(497)] locale resources are not loaded
[0922/005117:WARNING:resource_bundle.cc(304)] locale_file_path.empty()
[0922/005117:ERROR:main_delegate.cc(564)] Could not load locale pak for en-US
[0922/005117:ERROR:main_delegate.cc(571)] Could not load cef.pak
[0922/005117:ERROR:main_delegate.cc(588)] Could not load cef_100_percent.pak
[0922/005119:WARNING:resource_bundle.cc(304)] locale_file_path.empty()
[0922/005119:ERROR:main_delegate.cc(564)] Could not load locale pak for en-US
[0922/005119:ERROR:main_delegate.cc(571)] Could not load cef.pak
[0922/005119:ERROR:main_delegate.cc(588)] Could not load cef_100_percent.pak
[0922/005119:ERROR:renderer_main.cc(207)] Running without renderer sandbox
[0922/005121:WARNING:resource_bundle.cc(304)] locale_file_path.empty()
[0922/005121:ERROR:main_delegate.cc(564)] Could not load locale pak for en-US
[0922/005121:ERROR:main_delegate.cc(571)] Could not load cef.pak
[0922/005121:ERROR:main_delegate.cc(588)] Could not load cef_100_percent.pak
[0922/005121:ERROR:renderer_main.cc(207)] Running without renderer sandbox
[0922/005127:WARNING:resource_bundle.cc(304)] locale_file_path.empty()
[0922/005127:ERROR:main_delegate.cc(564)] Could not load locale pak for en-US
[0922/005127:ERROR:main_delegate.cc(571)] Could not load cef.pak
[0922/005127:ERROR:main_delegate.cc(588)] Could not load cef_100_percent.pak
[0922/005127:WARNING:resource_bundle.cc(497)] locale resources are not loaded
[0922/005127:WARNING:resource_bundle.cc(304)] locale_file_path.empty()
[0922/005127:ERROR:main_delegate.cc(564)] Could not load locale pak for en-US
[0922/005127:ERROR:main_delegate.cc(571)] Could not load cef.pak
[0922/005127:ERROR:main_delegate.cc(588)] Could not load cef_100_percent.pak
[0922/005127:WARNING:resource_bundle.cc(304)] locale_file_path.empty()
[0922/005127:ERROR:main_delegate.cc(564)] Could not load locale pak for en-US
[0922/005127:ERROR:main_delegate.cc(571)] Could not load cef.pak
[0922/005127:ERROR:main_delegate.cc(588)] Could not load cef_100_percent.pak
[0922/005127:WARNING:resource_bundle.cc(497)] locale resources are not loaded
[0922/005127:WARNING:resource_bundle.cc(304)] locale_file_path.empty()
[0922/005127:ERROR:main_delegate.cc(564)] Could not load locale pak for en-US
[0922/005127:ERROR:main_delegate.cc(571)] Could not load cef.pak
[0922/005127:ERROR:main_delegate.cc(588)] Could not load cef_100_percent.pak
[0922/005401:WARNING:resource_bundle.cc(304)] locale_file_path.empty()
[0922/005401:ERROR:main_delegate.cc(564)] Could not load locale pak for en-US
[0922/005401:ERROR:main_delegate.cc(571)] Could not load cef.pak
[0922/005401:ERROR:main_delegate.cc(588)] Could not load cef_100_percent.pak
[0922/005401:WARNING:resource_bundle.cc(497)] locale resources are not loaded
[0922/005401:WARNING:resource_bundle.cc(304)] locale_file_path.empty()
[0922/005401:ERROR:main_delegate.cc(564)] Could not load locale pak for en-US
[0922/005401:ERROR:main_delegate.cc(571)] Could not load cef.pak
[0922/005401:ERROR:main_delegate.cc(588)] Could not load cef_100_percent.pak
[0922/005401:WARNING:resource_bundle.cc(304)] locale_file_path.empty()
[0922/005401:ERROR:main_delegate.cc(564)] Could not load locale pak for en-US
[0922/005401:ERROR:main_delegate.cc(571)] Could not load cef.pak
[0922/005401:ERROR:main_delegate.cc(588)] Could not load cef_100_percent.pak
[0922/005401:WARNING:resource_bundle.cc(497)] locale resources are not loaded
[0922/005402:WARNING:resource_bundle.cc(304)] locale_file_path.empty()
[0922/005402:ERROR:main_delegate.cc(564)] Could not load locale pak for en-US
[0922/005402:ERROR:main_delegate.cc(571)] Could not load cef.pak
[0922/005402:ERROR:main_delegate.cc(588)] Could not load cef_100_percent.pak
[0922/005410:WARNING:resource_bundle.cc(304)] locale_file_path.empty()
[0922/005410:ERROR:main_delegate.cc(564)] Could not load locale pak for en-US
[0922/005410:ERROR:main_delegate.cc(571)] Could not load cef.pak
[0922/005410:ERROR:main_delegate.cc(588)] Could not load cef_100_percent.pak
[0922/005410:ERROR:renderer_main.cc(207)] Running without renderer sandbox
[0922/005411:WARNING:resource_bundle.cc(304)] locale_file_path.empty()
[0922/005411:ERROR:main_delegate.cc(564)] Could not load locale pak for en-US
[0922/005411:ERROR:main_delegate.cc(571)] Could not load cef.pak
[0922/005411:ERROR:main_delegate.cc(588)] Could not load cef_100_percent.pak
[0922/005411:ERROR:renderer_main.cc(207)] Running without renderer sandbox
[0922/005417:WARNING:resource_bundle.cc(304)] locale_file_path.empty()
[0922/005417:ERROR:main_delegate.cc(564)] Could not load locale pak for en-US
[0922/005417:ERROR:main_delegate.cc(571)] Could not load cef.pak
[0922/005417:ERROR:main_delegate.cc(588)] Could not load cef_100_percent.pak
[0922/005418:WARNING:resource_bundle.cc(497)] locale resources are not loaded
[0922/005418:WARNING:resource_bundle.cc(304)] locale_file_path.empty()
[0922/005418:ERROR:main_delegate.cc(564)] Could not load locale pak for en-US
[0922/005418:ERROR:main_delegate.cc(571)] Could not load cef.pak
[0922/005418:ERROR:main_delegate.cc(588)] Could not load cef_100_percent.pak
[0922/005423:WARNING:resource_bundle.cc(304)] locale_file_path.empty()
[0922/005423:ERROR:main_delegate.cc(564)] Could not load locale pak for en-US
[0922/005423:ERROR:main_delegate.cc(571)] Could not load cef.pak
[0922/005423:ERROR:main_delegate.cc(588)] Could not load cef_100_percent.pak
[0922/005423:ERROR:renderer_main.cc(207)] Running without renderer sandbox
[0922/222026:WARNING:resource_bundle.cc(304)] locale_file_path.empty()
[0922/222026:ERROR:main_delegate.cc(564)] Could not load locale pak for en-US
[0922/222026:ERROR:main_delegate.cc(571)] Could not load cef.pak
[0922/222026:ERROR:main_delegate.cc(588)] Could not load cef_100_percent.pak
[0922/222026:WARNING:resource_bundle.cc(497)] locale resources are not loaded
[0922/222026:WARNING:resource_bundle.cc(304)] locale_file_path.empty()
[0922/222026:ERROR:main_delegate.cc(564)] Could not load locale pak for en-US
[0922/222026:ERROR:main_delegate.cc(571)] Could not load cef.pak
[0922/222026:ERROR:main_delegate.cc(588)] Could not load cef_100_percent.pak
[0922/222029:WARNING:resource_bundle.cc(304)] locale_file_path.empty()
[0922/222029:ERROR:main_delegate.cc(564)] Could not load locale pak for en-US
[0922/222029:ERROR:main_delegate.cc(571)] Could not load cef.pak
[0922/222029:ERROR:main_delegate.cc(588)] Could not load cef_100_percent.pak
[0922/222029:ERROR:renderer_main.cc(207)] Running without renderer sandbox
[0922/222210:WARNING:resource_bundle.cc(304)] locale_file_path.empty()
[0922/222210:ERROR:main_delegate.cc(564)] Could not load locale pak for en-US
[0922/222210:ERROR:main_delegate.cc(571)] Could not load cef.pak
[0922/222210:ERROR:main_delegate.cc(588)] Could not load cef_100_percent.pak
[0922/222210:WARNING:resource_bundle.cc(497)] locale resources are not loaded
[0922/222210:WARNING:resource_bundle.cc(304)] locale_file_path.empty()
[0922/222210:ERROR:main_delegate.cc(564)] Could not load locale pak for en-US
[0922/222210:ERROR:main_delegate.cc(571)] Could not load cef.pak
[0922/222210:ERROR:main_delegate.cc(588)] Could not load cef_100_percent.pak
[0922/222211:WARNING:resource_bundle.cc(497)] locale resources are not loaded
[0922/222211:WARNING:resource_bundle.cc(304)] locale_file_path.empty()
[0922/222211:ERROR:main_delegate.cc(564)] Could not load locale pak for en-US
[0922/222211:ERROR:main_delegate.cc(571)] Could not load cef.pak
[0922/222211:ERROR:main_delegate.cc(588)] Could not load cef_100_percent.pak
[0922/222211:WARNING:resource_bundle.cc(304)] locale_file_path.empty()
[0922/222211:ERROR:main_delegate.cc(564)] Could not load locale pak for en-US
[0922/222211:ERROR:main_delegate.cc(571)] Could not load cef.pak
[0922/222211:ERROR:main_delegate.cc(588)] Could not load cef_100_percent.pak
[0922/222211:WARNING:resource_bundle.cc(304)] locale_file_path.empty()
[0922/222211:ERROR:main_delegate.cc(564)] Could not load locale pak for en-US
[0922/222211:ERROR:main_delegate.cc(571)] Could not load cef.pak
[0922/222211:ERROR:main_delegate.cc(588)] Could not load cef_100_percent.pak
[0922/222211:WARNING:resource_bundle.cc(304)] locale_file_path.empty()
[0922/222211:ERROR:main_delegate.cc(564)] Could not load locale pak for en-US
[0922/222211:ERROR:main_delegate.cc(571)] Could not load cef.pak
[0922/222211:ERROR:main_delegate.cc(588)] Could not load cef_100_percent.pak
[0922/222211:WARNING:resource_bundle.cc(497)] locale resources are not loaded
[0922/222211:WARNING:resource_bundle.cc(497)] locale resources are not loaded
[0922/222211:WARNING:resource_bundle.cc(304)] locale_file_path.empty()
[0922/222211:ERROR:main_delegate.cc(564)] Could not load locale pak for en-US
[0922/222211:ERROR:main_delegate.cc(571)] Could not load cef.pak
[0922/222211:ERROR:main_delegate.cc(588)] Could not load cef_100_percent.pak
[0922/222211:WARNING:resource_bundle.cc(304)] locale_file_path.empty()
[0922/222211:ERROR:main_delegate.cc(564)] Could not load locale pak for en-US
[0922/222211:ERROR:main_delegate.cc(571)] Could not load cef.pak
[0922/222211:ERROR:main_delegate.cc(588)] Could not load cef_100_percent.pak
[0922/222218:WARNING:resource_bundle.cc(304)] locale_file_path.empty()
[0922/222218:ERROR:main_delegate.cc(564)] Could not load locale pak for en-US
[0922/222218:ERROR:main_delegate.cc(571)] Could not load cef.pak
[0922/222218:ERROR:main_delegate.cc(588)] Could not load cef_100_percent.pak
[0922/222218:ERROR:renderer_main.cc(207)] Running without renderer sandbox
[0922/222219:WARNING:resource_bundle.cc(304)] locale_file_path.empty()
[0922/222219:ERROR:main_delegate.cc(564)] Could not load locale pak for en-US
[0922/222219:ERROR:main_delegate.cc(571)] Could not load cef.pak
[0922/222219:ERROR:main_delegate.cc(588)] Could not load cef_100_percent.pak
[0922/222219:ERROR:renderer_main.cc(207)] Running without renderer sandbox
[0922/222221:WARNING:resource_bundle.cc(304)] locale_file_path.empty()
[0922/222221:ERROR:main_delegate.cc(564)] Could not load locale pak for en-US
[0922/222221:ERROR:main_delegate.cc(571)] Could not load cef.pak
[0922/222221:ERROR:main_delegate.cc(588)] Could not load cef_100_percent.pak
[0922/222221:ERROR:renderer_main.cc(207)] Running without renderer sandbox
[0922/222221:WARNING:resource_bundle.cc(304)] locale_file_path.empty()
[0922/222221:ERROR:main_delegate.cc(564)] Could not load locale pak for en-US
[0922/222221:ERROR:main_delegate.cc(571)] Could not load cef.pak
[0922/222221:ERROR:main_delegate.cc(588)] Could not load cef_100_percent.pak
[0922/222221:ERROR:renderer_main.cc(207)] Running without renderer sandbox
[0922/222231:WARNING:resource_bundle.cc(304)] locale_file_path.empty()
[0922/222231:ERROR:main_delegate.cc(564)] Could not load locale pak for en-US
[0922/222231:ERROR:main_delegate.cc(571)] Could not load cef.pak
[0922/222231:ERROR:main_delegate.cc(588)] Could not load cef_100_percent.pak
[0922/222231:WARNING:resource_bundle.cc(497)] locale resources are not loaded
[0922/222231:WARNING:resource_bundle.cc(304)] locale_file_path.empty()
[0922/222231:ERROR:main_delegate.cc(564)] Could not load locale pak for en-US
[0922/222231:ERROR:main_delegate.cc(571)] Could not load cef.pak
[0922/222231:ERROR:main_delegate.cc(588)] Could not load cef_100_percent.pak
[0922/222233:WARNING:resource_bundle.cc(304)] locale_file_path.empty()
[0922/222233:ERROR:main_delegate.cc(564)] Could not load locale pak for en-US
[0922/222233:ERROR:main_delegate.cc(571)] Could not load cef.pak
[0922/222233:ERROR:main_delegate.cc(588)] Could not load cef_100_percent.pak
[0922/222234:ERROR:renderer_main.cc(207)] Running without renderer sandbox
[0922/222244:WARNING:resource_bundle.cc(304)] locale_file_path.empty()
[0922/222244:ERROR:main_delegate.cc(564)] Could not load locale pak for en-US
[0922/222244:ERROR:main_delegate.cc(571)] Could not load cef.pak
[0922/222244:ERROR:main_delegate.cc(588)] Could not load cef_100_percent.pak
[0922/222244:WARNING:resource_bundle.cc(497)] locale resources are not loaded
[0922/222244:WARNING:resource_bundle.cc(304)] locale_file_path.empty()
[0922/222244:ERROR:main_delegate.cc(564)] Could not load locale pak for en-US
[0922/222244:ERROR:main_delegate.cc(571)] Could not load cef.pak
[0922/222244:ERROR:main_delegate.cc(588)] Could not load cef_100_percent.pak
[0922/222246:WARNING:resource_bundle.cc(304)] locale_file_path.empty()
[0922/222246:ERROR:main_delegate.cc(564)] Could not load locale pak for en-US
[0922/222246:ERROR:main_delegate.cc(571)] Could not load cef.pak
[0922/222246:ERROR:main_delegate.cc(588)] Could not load cef_100_percent.pak
[0922/222246:WARNING:resource_bundle.cc(497)] locale resources are not loaded
[0922/222246:WARNING:resource_bundle.cc(304)] locale_file_path.empty()
[0922/222246:ERROR:main_delegate.cc(564)] Could not load locale pak for en-US
[0922/222246:ERROR:main_delegate.cc(571)] Could not load cef.pak
[0922/222246:ERROR:main_delegate.cc(588)] Could not load cef_100_percent.pak
[0922/222249:WARNING:resource_bundle.cc(304)] locale_file_path.empty()
[0922/222249:ERROR:main_delegate.cc(564)] Could not load locale pak for en-US
[0922/222249:ERROR:main_delegate.cc(571)] Could not load cef.pak
[0922/222249:ERROR:main_delegate.cc(588)] Could not load cef_100_percent.pak
[0922/222249:ERROR:renderer_main.cc(207)] Running without renderer sandbox
[0922/222249:WARNING:resource_bundle.cc(304)] locale_file_path.empty()
[0922/222249:ERROR:main_delegate.cc(564)] Could not load locale pak for en-US
[0922/222249:ERROR:main_delegate.cc(571)] Could not load cef.pak
[0922/222249:ERROR:main_delegate.cc(588)] Could not load cef_100_percent.pak
[0922/222250:WARNING:resource_bundle.cc(497)] locale resources are not loaded
[0922/222250:WARNING:resource_bundle.cc(304)] locale_file_path.empty()
[0922/222250:ERROR:main_delegate.cc(564)] Could not load locale pak for en-US
[0922/222250:ERROR:main_delegate.cc(571)] Could not load cef.pak
[0922/222250:ERROR:main_delegate.cc(588)] Could not load cef_100_percent.pak
[0922/222253:WARNING:resource_bundle.cc(304)] locale_file_path.empty()
[0922/222253:ERROR:main_delegate.cc(564)] Could not load locale pak for en-US
[0922/222253:ERROR:main_delegate.cc(571)] Could not load cef.pak
[0922/222253:ERROR:main_delegate.cc(588)] Could not load cef_100_percent.pak
[0922/222253:ERROR:renderer_main.cc(207)] Running without renderer sandbox
[0922/222253:WARNING:resource_bundle.cc(304)] locale_file_path.empty()
[0922/222253:ERROR:main_delegate.cc(564)] Could not load locale pak for en-US
[0922/222253:ERROR:main_delegate.cc(571)] Could not load cef.pak
[0922/222253:ERROR:main_delegate.cc(588)] Could not load cef_100_percent.pak
[0922/222253:WARNING:resource_bundle.cc(497)] locale resources are not loaded
[0922/222253:WARNING:resource_bundle.cc(304)] locale_file_path.empty()
[0922/222253:ERROR:main_delegate.cc(564)] Could not load locale pak for en-US
[0922/222253:ERROR:main_delegate.cc(571)] Could not load cef.pak
[0922/222253:ERROR:main_delegate.cc(588)] Could not load cef_100_percent.pak
[0922/222256:WARNING:resource_bundle.cc(304)] locale_file_path.empty()
[0922/222256:ERROR:main_delegate.cc(564)] Could not load locale pak for en-US
[0922/222256:ERROR:main_delegate.cc(571)] Could not load cef.pak
[0922/222256:ERROR:main_delegate.cc(588)] Could not load cef_100_percent.pak
[0922/222256:ERROR:renderer_main.cc(207)] Running without renderer sandbox
[0922/222300:WARNING:resource_bundle.cc(304)] locale_file_path.empty()
[0922/222300:ERROR:main_delegate.cc(564)] Could not load locale pak for en-US
[0922/222300:ERROR:main_delegate.cc(571)] Could not load cef.pak
[0922/222300:ERROR:main_delegate.cc(588)] Could not load cef_100_percent.pak
[0922/222300:ERROR:renderer_main.cc(207)] Running without renderer sandbox
[0922/225633:WARNING:dns_config_service_win.cc(700)] Failed to read DnsHosts.
